<?xml version="1.0" encoding="UTF-8"?>
<testng-results skipped="0" failed="0" ignored="0" total="1" passed="1">
  <reporter-output>
  </reporter-output>
  <suite name="com.VikrantSe.automation.TestNgDemo1" duration-ms="47" started-at="2017-11-21T20:45:44Z" finished-at="2017-11-21T20:45:44Z">
    <groups>
    </groups>
    <test name="Command line test" duration-ms="47" started-at="2017-11-21T20:45:44Z" finished-at="2017-11-21T20:45:44Z">
      <class name="com.VikrantSe.automation.TestNgDemo1">
        <test-method status="PASS" signature="testEnvironment()[pri:0, instance:com.VikrantSe.automation.TestNgDemo1@1a407d53]" name="testEnvironment" duration-ms="10" started-at="2017-11-22T02:15:44Z" finished-at="2017-11-22T02:15:44Z">
          <reporter-output>
          </reporter-output>
        </test-method> <!-- testEnvironment -->
      </class> <!-- com.VikrantSe.automation.TestNgDemo1 -->
    </test> <!-- Command line test -->
  </suite> <!-- com.VikrantSe.automation.TestNgDemo1 -->
</testng-results>
