<?xml version="1.0" encoding="UTF-8"?>
<testng-results skipped="0" failed="0" ignored="0" total="1" passed="1">
  <reporter-output>
  </reporter-output>
  <suite name="Default suite" duration-ms="14168" started-at="2017-11-25T15:13:03Z" finished-at="2017-11-25T15:13:18Z">
    <groups>
    </groups>
    <test name="Default test" duration-ms="14168" started-at="2017-11-25T15:13:03Z" finished-at="2017-11-25T15:13:18Z">
      <class name="com.VikrantSe.automation.VerifyCommonTextInSelenium">
        <test-method status="PASS" signature="coutNumberofLinksInPage()[pri:0, instance:com.VikrantSe.automation.VerifyCommonTextInSelenium@d8355a8]" name="coutNumberofLinksInPage" duration-ms="14100" started-at="2017-11-25T20:43:04Z" finished-at="2017-11-25T20:43:18Z">
          <reporter-output>
          </reporter-output>
        </test-method> <!-- coutNumberofLinksInPage -->
      </class> <!-- com.VikrantSe.automation.VerifyCommonTextInSelenium -->
    </test> <!-- Default test -->
  </suite> <!-- Default suite -->
</testng-results>
